setpos 2544.688965 1934.881958 772.031311;setang 1.880020 162.851074 0.000000
setpos -2577.967285 -1953.788940 772.031311;setang 1.352001 -10.503716 0.000000
setpos 4260.542969 1701.874878 644.031311;setang 6.632038 150.468079 0.000000
setpos 4684.473633 1294.894775 644.031311;setang 0.924000 141.323959 0.000000
setpos 4237.564453 1704.706177 644.031311;setang 8.844002 149.904007 0.000000
setpos 4645.182617 1372.030762 644.031311;setang 5.013699 154.817871 0.000000
setpos -244.064880 -2598.988281 735.972595;setang 31.183983 -77.638527 0.000000
setpos 1873.478516 -762.731384 263.660004;setang 86.786880 38.653465 0.000000
setpos 1912.680542 -764.912109 241.179840;setang 72.968491 156.886185 0.001469
setpos 1474.396729 1073.049927 964.179199;setang 14.552011 -82.995193 0.000000
setpos 702.489197 -294.938110 1138.465698;setang 73.951935 92.831932 0.000000
setpos -4495.498535 -1399.458862 644.031311;setang 8.214661 -50.947544 0.000000
setpos -4495.498535 -1399.458862 644.031311;setang 7.950661 -51.211544 0.000000
setpos 2521.534912 1884.328369 772.029175;setang 6.170008 133.024704 0.000240
setpos 4588.689941 1360.335083 644.031311;setang 13.427540 140.547180 -0.016479
setpos 1848.960449 -379.110901 44.031319;setang 8.809977 88.962502 0.000000
setpos 254.657684 2386.907471 260.031311;setang 11.186127 -105.097664 0.000000
setpos 2411.265381 -591.684937 117.031319;setang 10.568535 -177.746353 0.000000
setpos 2444.039063 -584.405334 117.031319;setang 5.684544 -174.116226 0.000000
setpos 2465.753906 -571.544739 117.031319;setang 12.680544 179.811905 0.000000
setpos 2466.475342 -571.141846 117.031319;setang 0.668546 -177.680237 0.000000
setpos 4395.300293 1591.603271 644.031311;setang 3.329512 145.329346 -0.016479
setpos -7101.774902 7618.477539 -123.968681;setang 13.231987 -113.004730 0.033395
setpos -7199.555176 6005.935059 79.872635;setang 20.685543 -19.975864 0.080230
setpos 4450.037109 1411.087891 644.031311;setang 3.131511 123.219200 -0.016479
setpos -3372.909912 199.659973 366.031311;setang 14.287983 -24.900248 0.000000
setpos 2538.662842 1916.583374 772.031311;setang 6.755808 157.179169 -0.001250
setpos 908.303162 61.800949 682.364624;setang 82.830307 122.004303 0.000000
setpos 41.188107 17.343626 870.150330;setang 88.669991 169.259201 0.000000
setpos 4530.184082 1330.510010 644.031311;setang 5.703100 133.285568 0.000000
setpos -3423.316650 146.818192 366.031311;setang 2.596627 -12.151402 0.000000
setpos 4372.513184 1615.720459 644.031311;setang 4.578264 143.907928 0.000000
setpos 4885.161133 1326.123291 644.031311;setang 6.225805 169.746429 0.000000
setpos 4885.161133 1326.123291 644.031311;setang 6.223755 169.810272 0.000000
setpos 4323.118652 1680.546631 644.031311;setang 3.913755 152.650269 0.000000
